This is pdfTeX, Version 3.14159265-2.6-1.40.20 (TeX Live 2019) (preloaded format=pdflatex 2019.5.8)  31 MAR 2021 10:29
entering extended mode
 restricted \write18 enabled.
 file:line:error style messages enabled.
 %&-line parsing enabled.
**"/Volumes/GoogleDrive/My Drive/princeton/dissertation/papers/dissertation/dissertation.tex"
(/Volumes/GoogleDrive/My Drive/princeton/dissertation/papers/dissertation/dissertation.tex
LaTeX2e <2018-12-01>
(/usr/local/texlive/2019/texmf-dist/tex/latex/base/report.cls
Document Class: report 2018/09/03 v1.4i Standard LaTeX document class
(/usr/local/texlive/2019/texmf-dist/tex/latex/base/size12.clo
File: size12.clo 2018/09/03 v1.4i Standard LaTeX file (size option)
)
\c@part=\count80
\c@chapter=\count81
\c@section=\count82
\c@subsection=\count83
\c@subsubsection=\count84
\c@paragraph=\count85
\c@subparagraph=\count86
\c@figure=\count87
\c@table=\count88
\abovecaptionskip=\skip41
\belowcaptionskip=\skip42
\bibindent=\dimen102
) (/usr/local/texlive/2019/texmf-dist/tex/latex/setspace/setspace.sty
Package: setspace 2011/12/19 v6.7a set line spacing
) (/usr/local/texlive/2019/texmf-dist/tex/latex/geometry/geometry.sty
Package: geometry 2018/04/16 v5.8 Page Geometry
 (/usr/local/texlive/2019/texmf-dist/tex/latex/graphics/keyval.sty
Package: keyval 2014/10/28 v1.15 key=value parser (DPC)
\KV@toks@=\toks14
) (/usr/local/texlive/2019/texmf-dist/tex/generic/oberdiek/ifpdf.sty
Package: ifpdf 2018/09/07 v3.3 Provides the ifpdf switch
) (/usr/local/texlive/2019/texmf-dist/tex/generic/oberdiek/ifvtex.sty
Package: ifvtex 2016/05/16 v1.6 Detect VTeX and its facilities (HO)
Package ifvtex Info: VTeX not detected.
) (/usr/local/texlive/2019/texmf-dist/tex/generic/ifxetex/ifxetex.sty
Package: ifxetex 2010/09/12 v0.6 Provides ifxetex conditional
)
\Gm@cnth=\count89
\Gm@cntv=\count90
\c@Gm@tempcnt=\count91
\Gm@bindingoffset=\dimen103
\Gm@wd@mp=\dimen104
\Gm@odd@mp=\dimen105
\Gm@even@mp=\dimen106
\Gm@layoutwidth=\dimen107
\Gm@layoutheight=\dimen108
\Gm@layouthoffset=\dimen109
\Gm@layoutvoffset=\dimen110
\Gm@dimlist=\toks15
) (/usr/local/texlive/2019/texmf-dist/tex/latex/base/inputenc.sty
Package: inputenc 2018/08/11 v1.3c Input encoding file
\inpenc@prehook=\toks16
\inpenc@posthook=\toks17
) (/usr/local/texlive/2019/texmf-dist/tex/latex/amsmath/amsmath.sty
Package: amsmath 2018/12/01 v2.17b AMS math features
\@mathmargin=\skip43

For additional information on amsmath, use the `?' option.
(/usr/local/texlive/2019/texmf-dist/tex/latex/amsmath/amstext.sty
Package: amstext 2000/06/29 v2.01 AMS text
 (/usr/local/texlive/2019/texmf-dist/tex/latex/amsmath/amsgen.sty
File: amsgen.sty 1999/11/30 v2.0 generic functions
\@emptytoks=\toks18
\ex@=\dimen111
)) (/usr/local/texlive/2019/texmf-dist/tex/latex/amsmath/amsbsy.sty
Package: amsbsy 1999/11/29 v1.2d Bold Symbols
\pmbraise@=\dimen112
) (/usr/local/texlive/2019/texmf-dist/tex/latex/amsmath/amsopn.sty
Package: amsopn 2016/03/08 v2.02 operator names
)
\inf@bad=\count92
LaTeX Info: Redefining \frac on input line 223.
\uproot@=\count93
\leftroot@=\count94
LaTeX Info: Redefining \overline on input line 385.
\classnum@=\count95
\DOTSCASE@=\count96
LaTeX Info: Redefining \ldots on input line 482.
LaTeX Info: Redefining \dots on input line 485.
LaTeX Info: Redefining \cdots on input line 606.
\Mathstrutbox@=\box27
\strutbox@=\box28
\big@size=\dimen113
LaTeX Font Info:    Redeclaring font encoding OML on input line 729.
LaTeX Font Info:    Redeclaring font encoding OMS on input line 730.
\macc@depth=\count97
\c@MaxMatrixCols=\count98
\dotsspace@=\muskip10
\c@parentequation=\count99
\dspbrk@lvl=\count100
\tag@help=\toks19
\row@=\count101
\column@=\count102
\maxfields@=\count103
\andhelp@=\toks20
\eqnshift@=\dimen114
\alignsep@=\dimen115
\tagshift@=\dimen116
\tagwidth@=\dimen117
\totwidth@=\dimen118
\lineht@=\dimen119
\@envbody=\toks21
\multlinegap=\skip44
\multlinetaggap=\skip45
\mathdisplay@stack=\toks22
LaTeX Info: Redefining \[ on input line 2844.
LaTeX Info: Redefining \] on input line 2845.
) (/usr/local/texlive/2019/texmf-dist/tex/latex/amsfonts/amsfonts.sty
Package: amsfonts 2013/01/14 v3.01 Basic AMSFonts support
\symAMSa=\mathgroup4
\symAMSb=\mathgroup5
LaTeX Font Info:    Overwriting math alphabet `\mathfrak' in version `bold'
(Font)                  U/euf/m/n --> U/euf/b/n on input line 106.
) (/usr/local/texlive/2019/texmf-dist/tex/latex/amsfonts/amssymb.sty
Package: amssymb 2013/01/14 v3.01 AMS font symbols
) (/usr/local/texlive/2019/texmf-dist/tex/latex/amscls/amsthm.sty
Package: amsthm 2017/10/31 v2.20.4
\thm@style=\toks23
\thm@bodyfont=\toks24
\thm@headfont=\toks25
\thm@notefont=\toks26
\thm@headpunct=\toks27
\thm@preskip=\skip46
\thm@postskip=\skip47
\thm@headsep=\skip48
\dth@everypar=\toks28
) (/usr/local/texlive/2019/texmf-dist/tex/latex/graphics/graphicx.sty
Package: graphicx 2017/06/01 v1.1a Enhanced LaTeX Graphics (DPC,SPQR)
 (/usr/local/texlive/2019/texmf-dist/tex/latex/graphics/graphics.sty
Package: graphics 2017/06/25 v1.2c Standard LaTeX Graphics (DPC,SPQR)
 (/usr/local/texlive/2019/texmf-dist/tex/latex/graphics/trig.sty
Package: trig 2016/01/03 v1.10 sin cos tan (DPC)
) (/usr/local/texlive/2019/texmf-dist/tex/latex/graphics-cfg/graphics.cfg
File: graphics.cfg 2016/06/04 v1.11 sample graphics configuration
)
Package graphics Info: Driver file: pdftex.def on input line 99.
 (/usr/local/texlive/2019/texmf-dist/tex/latex/graphics-def/pdftex.def
File: pdftex.def 2018/01/08 v1.0l Graphics/color driver for pdftex
))
\Gin@req@height=\dimen120
\Gin@req@width=\dimen121
) (/usr/local/texlive/2019/texmf-dist/tex/latex/natbib/natbib.sty
Package: natbib 2010/09/13 8.31b (PWD, AO)
\bibhang=\skip49
\bibsep=\skip50
LaTeX Info: Redefining \cite on input line 694.
\c@NAT@ctr=\count104
) (/usr/local/texlive/2019/texmf-dist/tex/latex/caption/caption.sty
Package: caption 2018/10/06 v3.3-154 Customizing captions (AR)
 (/usr/local/texlive/2019/texmf-dist/tex/latex/caption/caption3.sty
Package: caption3 2018/09/12 v1.8c caption3 kernel (AR)
Package caption3 Info: TeX engine: e-TeX on input line 64.
\captionmargin=\dimen122
\captionmargin@=\dimen123
\captionwidth=\dimen124
\caption@tempdima=\dimen125
\caption@indent=\dimen126
\caption@parindent=\dimen127
\caption@hangindent=\dimen128
)
\c@caption@flags=\count105
\c@ContinuedFloat=\count106
) (/usr/local/texlive/2019/texmf-dist/tex/latex/caption/subcaption.sty
Package: subcaption 2018/05/01 v1.1-162 Sub-captions (AR)
\c@subfigure=\count107
\c@subtable=\count108
) (/usr/local/texlive/2019/texmf-dist/tex/latex/float/float.sty
Package: float 2001/11/08 v1.3d Float enhancements (AL)
\c@float@type=\count109
\float@exts=\toks29
\float@box=\box29
\@float@everytoks=\toks30
\@floatcapt=\box30
) (/usr/local/texlive/2019/texmf-dist/tex/latex/oberdiek/pdflscape.sty
Package: pdflscape 2016/05/14 v0.11 Display of landscape pages in PDF (HO)
 (/usr/local/texlive/2019/texmf-dist/tex/latex/graphics/lscape.sty
Package: lscape 2000/10/22 v3.01 Landscape Pages (DPC)
)
Package pdflscape Info: Auto-detected driver: pdftex on input line 81.
) (/usr/local/texlive/2019/texmf-dist/tex/latex/booktabs/booktabs.sty
Package: booktabs 2016/04/27 v1.618033 publication quality tables
\heavyrulewidth=\dimen129
\lightrulewidth=\dimen130
\cmidrulewidth=\dimen131
\belowrulesep=\dimen132
\belowbottomsep=\dimen133
\aboverulesep=\dimen134
\abovetopsep=\dimen135
\cmidrulesep=\dimen136
\cmidrulekern=\dimen137
\defaultaddspace=\dimen138
\@cmidla=\count110
\@cmidlb=\count111
\@aboverulesep=\dimen139
\@belowrulesep=\dimen140
\@thisruleclass=\count112
\@lastruleclass=\count113
\@thisrulewidth=\dimen141
) (/usr/local/texlive/2019/texmf-dist/tex/latex/tools/dcolumn.sty
Package: dcolumn 2014/10/28 v1.06 decimal alignment package (DPC)
 (/usr/local/texlive/2019/texmf-dist/tex/latex/tools/array.sty
Package: array 2018/12/30 v2.4k Tabular extension package (FMi)
\col@sep=\dimen142
\ar@mcellbox=\box31
\extrarowheight=\dimen143
\NC@list=\toks31
\extratabsurround=\skip51
\backup@length=\skip52
\ar@cellbox=\box32
)) (/usr/local/texlive/2019/texmf-dist/tex/latex/url/url.sty
\Urlmuskip=\muskip11
Package: url 2013/09/16  ver 3.4  Verb mode for urls, etc.
) (/usr/local/texlive/2019/texmf-dist/tex/latex/enumitem/enumitem.sty
Package: enumitem 2019/02/04 v3.8 Customized lists
\labelindent=\skip53
\enit@outerparindent=\dimen144
\enit@toks=\toks32
\enit@inbox=\box33
\enit@count@id=\count114
\enitdp@description=\count115
) (/usr/local/texlive/2019/texmf-dist/tex/latex/xcolor/xcolor.sty
Package: xcolor 2016/05/11 v2.12 LaTeX color extensions (UK)
 (/usr/local/texlive/2019/texmf-dist/tex/latex/graphics-cfg/color.cfg
File: color.cfg 2016/01/02 v1.6 sample color configuration
)
Package xcolor Info: Driver file: pdftex.def on input line 225.
 (/usr/local/texlive/2019/texmf-dist/tex/latex/colortbl/colortbl.sty
Package: colortbl 2018/12/12 v1.0d Color table columns (DPC)
\everycr=\toks33
\minrowclearance=\skip54
)
\rownum=\count116
Package xcolor Info: Model `cmy' substituted by `cmy0' on input line 1348.
Package xcolor Info: Model `hsb' substituted by `rgb' on input line 1352.
Package xcolor Info: Model `RGB' extended on input line 1364.
Package xcolor Info: Model `HTML' substituted by `rgb' on input line 1366.
Package xcolor Info: Model `Hsb' substituted by `hsb' on input line 1367.
Package xcolor Info: Model `tHsb' substituted by `hsb' on input line 1368.
Package xcolor Info: Model `HSB' substituted by `hsb' on input line 1369.
Package xcolor Info: Model `Gray' substituted by `gray' on input line 1370.
Package xcolor Info: Model `wave' substituted by `hsb' on input line 1371.
) (/usr/local/texlive/2019/texmf-dist/tex/latex/preprint/authblk.sty
Package: authblk 2001/02/27 1.3 (PWD)
\affilsep=\skip55
\@affilsep=\skip56
\c@Maxaffil=\count117
\c@authors=\count118
\c@affil=\count119
) (/usr/local/texlive/2019/texmf-dist/tex/latex/appendix/appendix.sty
Package: appendix 2009/09/02 v1.2b extra appendix facilities
\c@@pps=\count120
\c@@ppsavesec=\count121
\c@@ppsaveapp=\count122
) (/usr/local/texlive/2019/texmf-dist/tex/latex/titlesec/titletoc.sty
Package: titletoc 2011/12/15 v1.6 TOC entries
\ttl@leftsep=\dimen145
) (/usr/local/texlive/2019/texmf-dist/tex/latex/multirow/multirow.sty
Package: multirow 2019/01/01 v2.4 Span multiple rows of a table
\multirow@colwidth=\skip57
\multirow@cntb=\count123
\multirow@dima=\skip58
\bigstrutjot=\dimen146
) (/usr/local/texlive/2019/texmf-dist/tex/latex/titling/titling.sty
Package: titling 2009/09/04 v2.1d maketitle typesetting
\thanksmarkwidth=\skip59
\thanksmargin=\skip60
\droptitle=\skip61
) (/usr/local/texlive/2019/texmf-dist/tex/latex/hyperref/hyperref.sty
Package: hyperref 2018/11/30 v6.88e Hypertext links for LaTeX
 (/usr/local/texlive/2019/texmf-dist/tex/generic/oberdiek/hobsub-hyperref.sty
Package: hobsub-hyperref 2016/05/16 v1.14 Bundle oberdiek, subset hyperref (HO)
 (/usr/local/texlive/2019/texmf-dist/tex/generic/oberdiek/hobsub-generic.sty
Package: hobsub-generic 2016/05/16 v1.14 Bundle oberdiek, subset generic (HO)
Package: hobsub 2016/05/16 v1.14 Construct package bundles (HO)
Package: infwarerr 2016/05/16 v1.4 Providing info/warning/error messages (HO)
Package: ltxcmds 2016/05/16 v1.23 LaTeX kernel commands for general use (HO)
Package: ifluatex 2016/05/16 v1.4 Provides the ifluatex switch (HO)
Package ifluatex Info: LuaTeX not detected.
Package hobsub Info: Skipping package `ifvtex' (already loaded).
Package: intcalc 2016/05/16 v1.2 Expandable calculations with integers (HO)
Package hobsub Info: Skipping package `ifpdf' (already loaded).
Package: etexcmds 2016/05/16 v1.6 Avoid name clashes with e-TeX commands (HO)
Package: kvsetkeys 2016/05/16 v1.17 Key value parser (HO)
Package: kvdefinekeys 2016/05/16 v1.4 Define keys (HO)
Package: pdftexcmds 2018/09/10 v0.29 Utility functions of pdfTeX for LuaTeX (HO)
Package pdftexcmds Info: LuaTeX not detected.
Package pdftexcmds Info: \pdf@primitive is available.
Package pdftexcmds Info: \pdf@ifprimitive is available.
Package pdftexcmds Info: \pdfdraftmode found.
Package: pdfescape 2016/05/16 v1.14 Implements pdfTeX's escape features (HO)
Package: bigintcalc 2016/05/16 v1.4 Expandable calculations on big integers (HO)
Package: bitset 2016/05/16 v1.2 Handle bit-vector datatype (HO)
Package: uniquecounter 2016/05/16 v1.3 Provide unlimited unique counter (HO)
)
Package hobsub Info: Skipping package `hobsub' (already loaded).
Package: letltxmacro 2016/05/16 v1.5 Let assignment for LaTeX macros (HO)
Package: hopatch 2016/05/16 v1.3 Wrapper for package hooks (HO)
Package: xcolor-patch 2016/05/16 xcolor patch
Package: atveryend 2016/05/16 v1.9 Hooks at the very end of document (HO)
Package atveryend Info: \enddocument detected (standard20110627).
Package: atbegshi 2016/06/09 v1.18 At begin shipout hook (HO)
Package: refcount 2016/05/16 v3.5 Data extraction from label references (HO)
Package: hycolor 2016/05/16 v1.8 Color options for hyperref/bookmark (HO)
) (/usr/local/texlive/2019/texmf-dist/tex/latex/oberdiek/auxhook.sty
Package: auxhook 2016/05/16 v1.4 Hooks for auxiliary files (HO)
) (/usr/local/texlive/2019/texmf-dist/tex/latex/oberdiek/kvoptions.sty
Package: kvoptions 2016/05/16 v3.12 Key value format for package options (HO)
)
\@linkdim=\dimen147
\Hy@linkcounter=\count124
\Hy@pagecounter=\count125
 (/usr/local/texlive/2019/texmf-dist/tex/latex/hyperref/pd1enc.def
File: pd1enc.def 2018/11/30 v6.88e Hyperref: PDFDocEncoding definition (HO)
Now handling font encoding PD1 ...
... no UTF-8 mapping file for font encoding PD1
)
\Hy@SavedSpaceFactor=\count126
 (/usr/local/texlive/2019/texmf-dist/tex/latex/latexconfig/hyperref.cfg
File: hyperref.cfg 2002/06/06 v1.2 hyperref configuration of TeXLive
)
Package hyperref Info: Hyper figures OFF on input line 4519.
Package hyperref Info: Link nesting OFF on input line 4524.
Package hyperref Info: Hyper index ON on input line 4527.
Package hyperref Info: Plain pages OFF on input line 4534.
Package hyperref Info: Backreferencing OFF on input line 4539.
Package hyperref Info: Implicit mode ON; LaTeX internals redefined.
Package hyperref Info: Bookmarks ON on input line 4772.
\c@Hy@tempcnt=\count127
LaTeX Info: Redefining \url on input line 5125.
\XeTeXLinkMargin=\dimen148
\Fld@menulength=\count128
\Field@Width=\dimen149
\Fld@charsize=\dimen150
Package hyperref Info: Hyper figures OFF on input line 6380.
Package hyperref Info: Link nesting OFF on input line 6385.
Package hyperref Info: Hyper index ON on input line 6388.
Package hyperref Info: backreferencing OFF on input line 6395.
Package hyperref Info: Link coloring OFF on input line 6400.
Package hyperref Info: Link coloring with OCG OFF on input line 6405.
Package hyperref Info: PDF/A mode OFF on input line 6410.
LaTeX Info: Redefining \ref on input line 6450.
LaTeX Info: Redefining \pageref on input line 6454.
\Hy@abspage=\count129
\c@Item=\count130
\c@Hfootnote=\count131
)
Package hyperref Info: Driver (autodetected): hpdftex.
 (/usr/local/texlive/2019/texmf-dist/tex/latex/hyperref/hpdftex.def
File: hpdftex.def 2018/11/30 v6.88e Hyperref driver for pdfTeX
\Fld@listcount=\count132
\c@bookmark@seq@number=\count133
 (/usr/local/texlive/2019/texmf-dist/tex/latex/oberdiek/rerunfilecheck.sty
Package: rerunfilecheck 2016/05/16 v1.8 Rerun checks for auxiliary files (HO)
Package uniquecounter Info: New unique counter `rerunfilecheck' on input line 282.
)
\Hy@SectionHShift=\skip62
) (/Volumes/GoogleDrive/My Drive/princeton/dissertation/papers/dissertation/kbordermatrix.sty
Package: kbordermatrix 2011/09/21 Bordered matrix with brackets
\kbcolsep=\skip63
\kbrowsep=\skip64
\br@kwd=\skip65
\k@bordht=\skip66
)
Package hyperref Info: Option `colorlinks' set `true' on input line 36.
\c@theorem=\count134
\c@proposition=\count135
\c@corollary=\count136
\c@hypothesis=\count137
\c@definition=\count138
 (/Volumes/GoogleDrive/My Drive/princeton/dissertation/papers/dissertation/dissertation.aux (/Volumes/GoogleDrive/My Drive/princeton/dissertation/papers/dissertation/chapters/chapter_1/chapter_education.aux) (/Volumes/GoogleDrive/My Drive/princeton/dissertation/papers/dissertation/chapters/chapter_2/paper.aux

LaTeX Warning: Label `sec:theory' multiply defined.

))
\openout1 = `dissertation.aux'.

LaTeX Font Info:    Checking defaults for OML/cmm/m/it on input line 72.
LaTeX Font Info:    ... okay on input line 72.
LaTeX Font Info:    Checking defaults for T1/cmr/m/n on input line 72.
LaTeX Font Info:    ... okay on input line 72.
LaTeX Font Info:    Checking defaults for OT1/cmr/m/n on input line 72.
LaTeX Font Info:    ... okay on input line 72.
LaTeX Font Info:    Checking defaults for OMS/cmsy/m/n on input line 72.
LaTeX Font Info:    ... okay on input line 72.
LaTeX Font Info:    Checking defaults for OMX/cmex/m/n on input line 72.
LaTeX Font Info:    ... okay on input line 72.
LaTeX Font Info:    Checking defaults for U/cmr/m/n on input line 72.
LaTeX Font Info:    ... okay on input line 72.
LaTeX Font Info:    Checking defaults for PD1/pdf/m/n on input line 72.
LaTeX Font Info:    ... okay on input line 72.

*geometry* driver: auto-detecting
*geometry* detected driver: pdftex
*geometry* verbose mode - [ preamble ] result:
* driver: pdftex
* paper: <default>
* layout: <same size as paper>
* layoutoffset:(h,v)=(0.0pt,0.0pt)
* modes: 
* h-part:(L,W,R)=(108.405pt, 397.485pt, 108.405pt)
* v-part:(T,H,B)=(108.405pt, 578.15999pt, 108.405pt)
* \paperwidth=614.295pt
* \paperheight=794.96999pt
* \textwidth=397.485pt
* \textheight=578.15999pt
* \oddsidemargin=36.13501pt
* \evensidemargin=36.13501pt
* \topmargin=-0.86499pt
* \headheight=12.0pt
* \headsep=25.0pt
* \topskip=12.0pt
* \footskip=30.0pt
* \marginparwidth=44.0pt
* \marginparsep=10.0pt
* \columnsep=10.0pt
* \skip\footins=10.8pt plus 4.0pt minus 2.0pt
* \hoffset=0.0pt
* \voffset=0.0pt
* \mag=1000
* \@twocolumnfalse
* \@twosidefalse
* \@mparswitchfalse
* \@reversemarginfalse
* (1in=72.27pt=25.4mm, 1cm=28.453pt)

(/usr/local/texlive/2019/texmf-dist/tex/context/base/mkii/supp-pdf.mkii
[Loading MPS to PDF converter (version 2006.09.02).]
\scratchcounter=\count139
\scratchdimen=\dimen151
\scratchbox=\box34
\nofMPsegments=\count140
\nofMParguments=\count141
\everyMPshowfont=\toks34
\MPscratchCnt=\count142
\MPscratchDim=\dimen152
\MPnumerator=\count143
\makeMPintoPDFobject=\count144
\everyMPtoPDFconversion=\toks35
) (/usr/local/texlive/2019/texmf-dist/tex/latex/oberdiek/epstopdf-base.sty
Package: epstopdf-base 2016/05/15 v2.6 Base part for package epstopdf
 (/usr/local/texlive/2019/texmf-dist/tex/latex/oberdiek/grfext.sty
Package: grfext 2016/05/16 v1.2 Manage graphics extensions (HO)
)
Package epstopdf-base Info: Redefining graphics rule for `.eps' on input line 438.
Package grfext Info: Graphics extension search list:
(grfext)             [.pdf,.png,.jpg,.mps,.jpeg,.jbig2,.jb2,.PDF,.PNG,.JPG,.JPEG,.JBIG2,.JB2,.eps]
(grfext)             \AppendGraphicsExtensions on input line 456.
 (/usr/local/texlive/2019/texmf-dist/tex/latex/latexconfig/epstopdf-sys.cfg
File: epstopdf-sys.cfg 2010/07/13 v1.3 Configuration of (r)epstopdf for TeX Live
))
Package caption Info: Begin \AtBeginDocument code.
Package caption Info: float package is loaded.
Package caption Info: hyperref package is loaded.
Package caption Info: End \AtBeginDocument code.
\AtBeginShipoutBox=\box35
Package hyperref Info: Link coloring ON on input line 72.
 (/usr/local/texlive/2019/texmf-dist/tex/latex/hyperref/nameref.sty
Package: nameref 2016/05/21 v2.44 Cross-referencing by name of section
 (/usr/local/texlive/2019/texmf-dist/tex/generic/oberdiek/gettitlestring.sty
Package: gettitlestring 2016/05/16 v1.5 Cleanup title references (HO)
)
\c@section@level=\count145
)
LaTeX Info: Redefining \ref on input line 72.
LaTeX Info: Redefining \pageref on input line 72.
LaTeX Info: Redefining \nameref on input line 72.
 (/Volumes/GoogleDrive/My Drive/princeton/dissertation/papers/dissertation/dissertation.out) (/Volumes/GoogleDrive/My Drive/princeton/dissertation/papers/dissertation/dissertation.out)
\@outlinefile=\write3
\openout3 = `dissertation.out'.

 (/Volumes/GoogleDrive/My Drive/princeton/dissertation/papers/dissertation/dissertation.toc
LaTeX Font Info:    Try loading font information for U+msa on input line 2.
 (/usr/local/texlive/2019/texmf-dist/tex/latex/amsfonts/umsa.fd
File: umsa.fd 2013/01/14 v3.01 AMS symbols A
)
LaTeX Font Info:    Try loading font information for U+msb on input line 2.
 (/usr/local/texlive/2019/texmf-dist/tex/latex/amsfonts/umsb.fd
File: umsb.fd 2013/01/14 v3.01 AMS symbols B
) [1


{/usr/local/texlive/2019/texmf-var/fonts/map/pdftex/updmap/pdftex.map}])
\tf@toc=\write4
\openout4 = `dissertation.toc'.

 [2]
Chapter 1.
[3

]
\openout2 = `chapters/chapter_1/chapter_education.aux'.

 (/Volumes/GoogleDrive/My Drive/princeton/dissertation/papers/dissertation/chapters/chapter_1/chapter_education.texpdfTeX warning (ext4): destination with the same identifier (name{page.1}) has been already used, duplicate ignored
<to be read again> 
                   \relax 
l.3 
     [1

]pdfTeX warning (ext4): destination with the same identifier (name{page.1}) has been already used, duplicate ignored
<to be read again> 
                   \relax 
l.6 \end{abstract}
                   [1]

Package natbib Warning: Citation `gulzar_politicians_2017' on page 1 undefined on input line 11.


Package natbib Warning: Citation `besley_political_2003' on page 1 undefined on input line 11.


Package natbib Warning: Citation `cochrane_policies_1983' on page 1 undefined on input line 11.


Package natbib Warning: Citation `falleti_decentralization_2010' on page 1 undefined on input line 11.


Package natbib Warning: Citation `gulzar_politicians_2017' on page 1 undefined on input line 15.


Package natbib Warning: Citation `duflo_incentives_2012' on page 1 undefined on input line 15.


Package natbib Warning: Citation `finan_personnel_2015' on page 1 undefined on input line 15.


Package natbib Warning: Citation `stokes_brokers_2013' on page 1 undefined on input line 17.


Package natbib Warning: Citation `oliveros_making_2016' on page 1 undefined on input line 17.


Package natbib Warning: Citation `akhtari_political_2015' on page 1 undefined on input line 17.


Package natbib Warning: Citation `colonnelli_patronage_2017' on page 1 undefined on input line 17.


Package natbib Warning: Citation `raile_executive_2011' on page 1 undefined on input line 17.


Package natbib Warning: Citation `laver_coalitions_1990' on page 1 undefined on input line 19.


Package natbib Warning: Citation `power_optimism_2010' on page 1 undefined on input line 19.


Package natbib Warning: Citation `ferejohn_incumbent_1986' on page 1 undefined on input line 19.

pdfTeX warning (ext4): destination with the same identifier (name{page.1}) has been already used, duplicate ignored
<to be read again> 
                   \relax 
l.20 
      [1]pdfTeX warning (ext4): destination with the same identifier (name{page.2}) has been already used, duplicate ignored
<to be read again> 
                   \relax 
l.24 
      [2]

Package natbib Warning: Citation `pepinsky_bureaucracy_2017' on page 3 undefined on input line 25.


Package natbib Warning: Citation `finan_personnel_2015' on page 3 undefined on input line 25.


Package natbib Warning: Citation `duflo_incentives_2012' on page 3 undefined on input line 25.


Package natbib Warning: Citation `gulzar_politicians_2017' on page 3 undefined on input line 25.


Package natbib Warning: Citation `gottlieb_countervailing_2019' on page 3 undefined on input line 25.


Package natbib Warning: Citation `ferraz_corrupting_2012' on page 3 undefined on input line 25.


Package natbib Warning: Citation `kohli_state-directed_2004' on page 3 undefined on input line 25.


Package natbib Warning: Citation `evans_embedded_1995' on page 3 undefined on input line 25.


Package natbib Warning: Citation `centeno_unpacking_2017' on page 3 undefined on input line 36.


Package natbib Warning: Citation `kohli_state-directed_2004' on page 3 undefined on input line 36.


Package natbib Warning: Citation `johnson_miti_1982' on page 3 undefined on input line 36.


Package natbib Warning: Citation `kohli_state-directed_2004' on page 3 undefined on input line 36.


Package natbib Warning: Citation `evans_bureaucracy_1999' on page 3 undefined on input line 36.

pdfTeX warning (ext4): destination with the same identifier (name{page.3}) has been already used, duplicate ignored
<to be read again> 
                   \relax 
l.37 
      [3]

Package natbib Warning: Citation `gulzar_politicians_2017' on page 4 undefined on input line 38.


Package natbib Warning: Citation `akhtari_political_2015' on page 4 undefined on input line 38.


Package natbib Warning: Citation `grindle_jobs_2012' on page 4 undefined on input line 44.


Package natbib Warning: Citation `mccarty_appointments_2004' on page 4 undefined on input line 44.


Package natbib Warning: Citation `raile_executive_2011' on page 4 undefined on input line 44.


Package natbib Warning: Citation `power_optimism_2010' on page 4 undefined on input line 44.


Package natbib Warning: Citation `raile_executive_2011' on page 4 undefined on input line 46.


Package natbib Warning: Citation `ames_electoral_1995' on page 4 undefined on input line 46.


Package natbib Warning: Citation `lucas_ideological_2010' on page 4 undefined on input line 46.


Package natbib Warning: Citation `batista_o_2013' on page 4 undefined on input line 46.


Package natbib Warning: Citation `neto_presidential_2006' on page 4 undefined on input line 46.


Package natbib Warning: Citation `figueiredo_executivo_1999' on page 4 undefined on input line 46.

[4]

Package natbib Warning: Citation `gailmard_slackers_2007' on page 5 undefined on input line 52.


Package natbib Warning: Citation `clotfelter_teacher_2007' on page 5 undefined on input line 52.


Package natbib Warning: Citation `akhtari_political_2015' on page 5 undefined on input line 52.


Package natbib Warning: Citation `colonnelli_patronage_2017' on page 5 undefined on input line 52.

[5]

Package natbib Warning: Citation `paschoal_historia_2009' on page 6 undefined on input line 65.

<chapters/chapter_1/plots/descriptive_enrollment.pdf, id=222, 361.35pt x 216.81pt>
File: chapters/chapter_1/plots/descriptive_enrollment.pdf Graphic file (type pdf)
<use chapters/chapter_1/plots/descriptive_enrollment.pdf>
Package pdftex.def Info: chapters/chapter_1/plots/descriptive_enrollment.pdf  used on input line 69.
(pdftex.def)             Requested size: 238.49342pt x 143.09503pt.

LaTeX Warning: `h' float specifier changed to `ht'.


Package natbib Warning: Citation `brollo_victor_2017' on page 6 undefined on input line 74.


Package natbib Warning: Citation `gatti_formacao_2010' on page 6 undefined on input line 74.


Package natbib Warning: Citation `militao_educacao_2014' on page 6 undefined on input line 74.


Package natbib Warning: Citation `oliveros_making_2016' on page 6 undefined on input line 76.

[6]
<chapters/chapter_1/plots/descriptive_staff_breakdown.pdf, id=228, 361.35pt x 216.81pt>
File: chapters/chapter_1/plots/descriptive_staff_breakdown.pdf Graphic file (type pdf)
<use chapters/chapter_1/plots/descriptive_staff_breakdown.pdf>
Package pdftex.def Info: chapters/chapter_1/plots/descriptive_staff_breakdown.pdf  used on input line 80.
(pdftex.def)             Requested size: 238.49342pt x 143.09503pt.


Package natbib Warning: Citation `ferraz_corrupting_2012' on page 7 undefined on input line 83.

[7 </Volumes/GoogleDrive/My Drive/princeton/dissertation/papers/dissertation/chapters/chapter_1/plots/descriptive_enrollment.pdf> </Volumes/GoogleDrive/My Drive/princeton/dissertation/papers/dissertation/chapters/chapter_1/plots/descriptive_staff_breakdown.pdf>]

Package natbib Warning: Citation `souza_reforma_2004' on page 8 undefined on input line 87.


Package natbib Warning: Citation `dantas_eleicoes_2013' on page 8 undefined on input line 89.

[8]
<chapters/chapter_1/plots/saeb_map.pdf, id=262, 361.35pt x 361.35pt>
File: chapters/chapter_1/plots/saeb_map.pdf Graphic file (type pdf)
<use chapters/chapter_1/plots/saeb_map.pdf>
Package pdftex.def Info: chapters/chapter_1/plots/saeb_map.pdf  used on input line 107.
(pdftex.def)             Requested size: 238.49342pt x 238.49173pt.


LaTeX Warning: `h' float specifier changed to `ht'.

[9] [10 </Volumes/GoogleDrive/My Drive/princeton/dissertation/papers/dissertation/chapters/chapter_1/plots/saeb_map.pdf>]

Package caption Warning: \label without proper reference on input line 121.
See the caption package documentation for explanation.


LaTeX Warning: Reference `fig:staff_turnover' on page 11 undefined on input line 116.


Overfull \hbox (0.7874pt too wide) in paragraph at lines 116--117
[]\OT1/cmr/m/n/12 Figure [][][][][] pro-vides de-scrip-tive statis-tics on bu-reau-cratic per-son-nel in Brazil,
 []

<chapters/chapter_1/plots/descriptive_staff_turnover.pdf, id=284, 361.35pt x 216.81pt>
File: chapters/chapter_1/plots/descriptive_staff_turnover.pdf Graphic file (type pdf)
<use chapters/chapter_1/plots/descriptive_staff_turnover.pdf>
Package pdftex.def Info: chapters/chapter_1/plots/descriptive_staff_turnover.pdf  used on input line 120.
(pdftex.def)             Requested size: 0.0pt x 0.0pt.

Package natbib Warning: Citation `pereira_junior_indicadores_2016' on page 11 undefined on input line 125.

[11 </Volumes/GoogleDrive/My Drive/princeton/dissertation/papers/dissertation/chapters/chapter_1/plots/descriptive_staff_turnover.pdf>]
<chapters/chapter_1/plots/hist_coalition.pdf, id=305, 361.35pt x 216.81pt>
File: chapters/chapter_1/plots/hist_coalition.pdf Graphic file (type pdf)
<use chapters/chapter_1/plots/hist_coalition.pdf>
Package pdftex.def Info: chapters/chapter_1/plots/hist_coalition.pdf  used on input line 135.
(pdftex.def)             Requested size: 238.49342pt x 143.09503pt.
 [12 </Volumes/GoogleDrive/My Drive/princeton/dissertation/papers/dissertation/chapters/chapter_1/plots/hist_coalition.pdf>] [13] [14] [15] [16] [17]

Package natbib Warning: Citation `groseclose_1996_buying' on page 18 undefined on input line 276.

[18] [19]

Package natbib Warning: Citation `diprete_multilevel_1994' on page 20 undefined on input line 299.


Package natbib Warning: Citation `lee_using_2000' on page 20 undefined on input line 299.

[20] [21] (/Volumes/GoogleDrive/My Drive/princeton/dissertation/papers/dissertation/chapters/chapter_1/results/turnover_result.tex)
Overfull \hbox (38.06004pt too wide) in paragraph at lines 6--321
 [][] 
 []

[22]
<chapters/chapter_1/plots/plot_coalition_coef_mun.pdf, id=413, 361.35pt x 216.81pt>
File: chapters/chapter_1/plots/plot_coalition_coef_mun.pdf Graphic file (type pdf)
<use chapters/chapter_1/plots/plot_coalition_coef_mun.pdf>
Package pdftex.def Info: chapters/chapter_1/plots/plot_coalition_coef_mun.pdf  used on input line 330.
(pdftex.def)             Requested size: 238.49342pt x 143.09503pt.
<chapters/chapter_1/plots/plot_interactions_logit.pdf, id=416, 361.35pt x 216.81pt>
File: chapters/chapter_1/plots/plot_interactions_logit.pdf Graphic file (type pdf)
<use chapters/chapter_1/plots/plot_interactions_logit.pdf>
Package pdftex.def Info: chapters/chapter_1/plots/plot_interactions_logit.pdf  used on input line 339.
(pdftex.def)             Requested size: 238.49342pt x 143.09503pt.


LaTeX Warning: `h' float specifier changed to `ht'.

[23


 </Volumes/GoogleDrive/My Drive/princeton/dissertation/papers/dissertation/chapters/chapter_1/plots/plot_coalition_coef_mun.pdf>]
<chapters/chapter_1/plots/plot_coalition_coef_mun_second.pdf, id=428, 361.35pt x 216.81pt>
File: chapters/chapter_1/plots/plot_coalition_coef_mun_second.pdf Graphic file (type pdf)
<use chapters/chapter_1/plots/plot_coalition_coef_mun_second.pdf>
Package pdftex.def Info: chapters/chapter_1/plots/plot_coalition_coef_mun_second.pdf  used on input line 348.
(pdftex.def)             Requested size: 238.49342pt x 143.09503pt.
 [24 </Volumes/GoogleDrive/My Drive/princeton/dissertation/papers/dissertation/chapters/chapter_1/plots/plot_interactions_logit.pdf> </Volumes/GoogleDrive/My Drive/princeton/dissertation/papers/dissertation/chapters/chapter_1/plots/plot_coalition_coef_mun_second.pdf>] [25] (/Volumes/GoogleDrive/My Drive/princeton/dissertation/papers/dissertation/chapters/chapter_1/results/student_learning.tex)
Overfull \hbox (51.30734pt too wide) in paragraph at lines 6--359
 [][] 
 []


LaTeX Warning: Float too large for page by 34.99725pt on input line 361.

[26]
<chapters/chapter_1/plots/model_turnover_learning.pdf, id=462, 361.35pt x 216.81pt>
File: chapters/chapter_1/plots/model_turnover_learning.pdf Graphic file (type pdf)
<use chapters/chapter_1/plots/model_turnover_learning.pdf>
Package pdftex.def Info: chapters/chapter_1/plots/model_turnover_learning.pdf  used on input line 368.
(pdftex.def)             Requested size: 238.49342pt x 143.09503pt.
<chapters/chapter_1/plots/reelection_marginal_effect_plots.pdf, id=465, 361.35pt x 216.81pt>
File: chapters/chapter_1/plots/reelection_marginal_effect_plots.pdf Graphic file (type pdf)
<use chapters/chapter_1/plots/reelection_marginal_effect_plots.pdf>
Package pdftex.def Info: chapters/chapter_1/plots/reelection_marginal_effect_plots.pdf  used on input line 377.
(pdftex.def)             Requested size: 238.49342pt x 143.09503pt.


LaTeX Warning: `h' float specifier changed to `ht'.

[27


 </Volumes/GoogleDrive/My Drive/princeton/dissertation/papers/dissertation/chapters/chapter_1/plots/model_turnover_learning.pdf>] [28 </Volumes/GoogleDrive/My Drive/princeton/dissertation/papers/dissertation/chapters/chapter_1/plots/reelection_marginal_effect_plots.pdf>]

Package natbib Warning: Citation `gottlieb_countervailing_2019' on page 29 undefined on input line 394.

[29]
No file dissertation.bbl.
<chapters/chapter_1/plots/covariate_balance.pdf, id=492, 361.35pt x 216.81pt>
File: chapters/chapter_1/plots/covariate_balance.pdf Graphic file (type pdf)
<use chapters/chapter_1/plots/covariate_balance.pdf>
Package pdftex.def Info: chapters/chapter_1/plots/covariate_balance.pdf  used on input line 410.
(pdftex.def)             Requested size: 361.34912pt x 216.80946pt.
[30 </Volumes/GoogleDrive/My Drive/princeton/dissertation/papers/dissertation/chapters/chapter_1/plots/covariate_balance.pdf>]
<chapters/chapter_1/plots/accountability_fit.pdf, id=505, 361.35pt x 216.81pt>
File: chapters/chapter_1/plots/accountability_fit.pdf Graphic file (type pdf)
<use chapters/chapter_1/plots/accountability_fit.pdf>
Package pdftex.def Info: chapters/chapter_1/plots/accountability_fit.pdf  used on input line 420.
(pdftex.def)             Requested size: 361.34912pt x 216.80946pt.
 [31 </Volumes/GoogleDrive/My Drive/princeton/dissertation/papers/dissertation/chapters/chapter_1/plots/accountability_fit.pdf>]
<chapters/chapter_1/plots/visual_rdd_legislative_seat_flip.pdf, id=517, 504.88625pt x 504.88625pt>
File: chapters/chapter_1/plots/visual_rdd_legislative_seat_flip.pdf Graphic file (type pdf)
<use chapters/chapter_1/plots/visual_rdd_legislative_seat_flip.pdf>
Package pdftex.def Info: chapters/chapter_1/plots/visual_rdd_legislative_seat_flip.pdf  used on input line 429.
(pdftex.def)             Requested size: 278.23828pt x 278.24297pt.
) [32 </Volumes/GoogleDrive/My Drive/princeton/dissertation/papers/dissertation/chapters/chapter_1/plots/visual_rdd_legislative_seat_flip.pdf>]
Chapter 2.
[33


]
\openout2 = `chapters/chapter_2/paper.aux'.

 (/Volumes/GoogleDrive/My Drive/princeton/dissertation/papers/dissertation/chapters/chapter_2/paper.tex [34

]pdfTeX warning (ext4): destination with the same identifier (name{page.1}) has been already used, duplicate ignored
<to be read again> 
                   \relax 
l.27 
      [1]pdfTeX warning (ext4): destination with the same identifier (name{page.1}) has been already used, duplicate ignored
<to be read again> 
                   \relax 
l.30 \end{abstract}
                    [1]

Package natbib Warning: Citation `RoseAckerman2016' on page 1 undefined on input line 37.


Package natbib Warning: Citation `Rothstein2011' on page 1 undefined on input line 37.


Package natbib Warning: Citation `fisman_are_2007' on page 1 undefined on input line 37.


Package natbib Warning: Citation `chen2018busting' on page 1 undefined on input line 37.


Package natbib Warning: Citation `nyblade2008cheats' on page 1 undefined on input line 37.


Package natbib Warning: Citation `ferraz_electoral_2011' on page 1 undefined on input line 37.


Package natbib Warning: Citation `bobonis2016' on page 1 undefined on input line 37.


Package natbib Warning: Citation `besley_principled_2006' on page 1 undefined on input line 39.


Package natbib Warning: Citation `ferraz_electoral_2007' on page 1 undefined on input line 39.


Package natbib Warning: Citation `ferraz_exposing_2008' on page 1 undefined on input line 42.


Package natbib Warning: Citation `brollo2013political' on page 1 undefined on input line 42.


Package natbib Warning: Citation `zamboni_audit_2018' on page 1 undefined on input line 42.


Package natbib Warning: Citation `avis_government_2018' on page 1 undefined on input line 42.


Package natbib Warning: Citation `ferraz_exposing_2008' on page 1 undefined on input line 42.

pdfTeX warning (ext4): destination with the same identifier (name{page.1}) has been already used, duplicate ignored
<to be read again> 
                   \relax 
l.43 
      [1]pdfTeX warning (ext4): destination with the same identifier (name{page.2}) has been already used, duplicate ignored
<to be read again> 
                   \relax 
l.48 
      [2]

Package natbib Warning: Citation `dal2013strengthening' on page 3 undefined on input line 49.


Package natbib Warning: Citation `olken_monitoring_2007' on page 3 undefined on input line 51.


Package natbib Warning: Citation `bobonis2016' on page 3 undefined on input line 51.


Package natbib Warning: Citation `zamboni_audit_2018' on page 3 undefined on input line 51.

pdfTeX warning (ext4): destination with the same identifier (name{page.3}) has been already used, duplicate ignored
<to be read again> 
                   \relax 
l.52 
      [3]

Package natbib Warning: Citation `treisman2007have' on page 4 undefined on input line 53.


Package natbib Warning: Citation `olken_corruption_2012' on page 4 undefined on input line 53.


Package natbib Warning: Citation `nyblade2008cheats' on page 4 undefined on input line 53.


Package natbib Warning: Citation `ferraz_electoral_2011' on page 4 undefined on input line 53.


Package natbib Warning: Citation `bobonis2016' on page 4 undefined on input line 53.


Package natbib Warning: Citation `ferraz_electoral_2011' on page 4 undefined on input line 53.


Package natbib Warning: Citation `evans_embedded_1995' on page 4 undefined on input line 57.


Package natbib Warning: Citation `grindle_jobs_2012' on page 4 undefined on input line 57.


Package natbib Warning: Citation `centeno_unpacking_2017' on page 4 undefined on input line 57.


Package natbib Warning: Citation `duflo_incentives_2012' on page 4 undefined on input line 57.


Package natbib Warning: Citation `dal2013strengthening' on page 4 undefined on input line 57.

pdfTeX warning (ext4): destination with the same identifier (name{page.4}) has been already used, duplicate ignored
<to be read again> 
                   \relax 
l.60 
      [4]

Package natbib Warning: Citation `abrucio_redefinicao_1996' on page 5 undefined on input line 74.


Package natbib Warning: Citation `cardoso_jr_burocracia_2011' on page 5 undefined on input line 74.


Package natbib Warning: Citation `arretche_trajetorias_2015' on page 5 undefined on input line 74.


Package natbib Warning: Citation `brollo_victor_2017' on page 5 undefined on input line 76.


Package natbib Warning: Citation `colonnelli_patronage_2017' on page 5 undefined on input line 76.

pdfTeX warning (ext4): destination with the same identifier (name{page.5}) has been already used, duplicate ignored
<to be read again> 
                   \relax 
l.77 
      [5]

Package natbib Warning: Citation `colonnelli_patronage_2017' on page 6 undefined on input line 80.


Package natbib Warning: Citation `brollo_victor_2017' on page 6 undefined on input line 80.

(/Volumes/GoogleDrive/My Drive/princeton/dissertation/papers/dissertation/chapters/chapter_2/tables/desc.tex)

LaTeX Warning: `h' float specifier changed to `ht'.


LaTeX Warning: Reference `app:mgmt' on page 6 undefined on input line 92.


Package natbib Warning: Citation `grindle_good_2004' on page 6 undefined on input line 92.


Package natbib Warning: Citation `Bloom2007' on page 6 undefined on input line 92.


LaTeX Warning: Reference `app:mgmt' on page 6 undefined on input line 92.


LaTeX Warning: Reference `app:managementRobustness' on page 6 undefined on input line 92.


Overfull \hbox (1.15448pt too wide) in paragraph at lines 92--93
[]\OT1/cmr/m/n/12 Our man-age-ment in-dex uses data from the \OT1/cmr/m/it/12 Pesquisa de In-forma^^Xc~oes B^^Sasicas
 []

pdfTeX warning (ext4): destination with the same identifier (name{page.6}) has been already used, duplicate ignored
<to be read again> 
                   \relax 
l.93 
      [6]pdfTeX warning (ext4): destination with the same identifier (name{page.7}) has been already used, duplicate ignored
<to be read again> 
                   \relax 
l.93 
      [7]

LaTeX Warning: Reference `app:additional_descriptives' on page 8 undefined on input line 94.


Package natbib Warning: Citation `blinder1973wage' on page 8 undefined on input line 94.

<chapters/chapter_2/figures/sampleDistribwwb.pdf, id=594, 216.81pt x 216.81pt>
File: chapters/chapter_2/figures/sampleDistribwwb.pdf Graphic file (type pdf)
<use chapters/chapter_2/figures/sampleDistribwwb.pdf>
Package pdftex.def Info: chapters/chapter_2/figures/sampleDistribwwb.pdf  used on input line 98.
(pdftex.def)             Requested size: 216.80946pt x 216.80946pt.

Package natbib Warning: Citation `arretche_politicas_1999' on page 8 undefined on input line 110.


Package natbib Warning: Citation `prado_transferencias_2001' on page 8 undefined on input line 110.

pdfTeX warning (ext4): destination with the same identifier (name{page.8}) has been already used, duplicate ignored
<to be read again> 
                   \relax 
l.111 
       [8 </Volumes/GoogleDrive/My Drive/princeton/dissertation/papers/dissertation/chapters/chapter_2/figures/sampleDistribwwb.pdf>]
Underfull \hbox (badness 10000) in paragraph at lines 112--112
[][][]\OT1/cmr/m/n/10 See [][]$\OT1/cmtt/m/n/10 http : / / www . cgu . gov . br / assuntos / auditoria -[] e -[] fiscalizacao / acoes -[]
 []


Underfull \hbox (badness 7613) in paragraph at lines 112--112
\OT1/cmtt/m/n/10 investigativas / operacoes -[] especiais$[][]\OT1/cmr/m/n/10 , for a jour-nal-is-tic cov-er-age, see [][]$\OT1/cmtt/m/n/10 https :
 []


Underfull \hbox (badness 10000) in paragraph at lines 112--112
\OT1/cmtt/m/n/10 / / g1 . globo . com / pb / paraiba / noticia / 2020 / 09 / 02 / pf -[] deflagra -[] 4a -[] fase -[] da -[]
 []


Underfull \hbox (badness 10000) in paragraph at lines 112--112
[][][]\OT1/cmr/m/n/10 See [][]$\OT1/cmtt/m/n/10 https : / / g1 . globo . com / sp / sao -[] paulo / noticia / 2018 / 12 / 13 / prefeito -[]
 []


Underfull \hbox (badness 10000) in paragraph at lines 112--112
\OT1/cmtt/m/n/10 continuou -[] chefiando -[] esquema -[] de -[] propina -[] em -[] maua -[] mesmo -[] apos -[] prisao -[] em -[] maio -[]
 []

pdfTeX warning (ext4): destination with the same identifier (name{page.9}) has been already used, duplicate ignored
<to be read again> 
                   \relax 
l.114 \subsubsection
                    *{Data} [9]

Package natbib Warning: Citation `avis_government_2018' on page 10 undefined on input line 118.


LaTeX Warning: Reference `app:fault' on page 10 undefined on input line 118.


Package natbib Warning: Citation `avis_government_2018' on page 10 undefined on input line 120.


LaTeX Warning: Reference `fig:corruptionCorrelation' on page 10 undefined on input line 120.


LaTeX Warning: Reference `app:fault' on page 10 undefined on input line 120.


LaTeX Warning: Reference `app:fault' on page 10 undefined on input line 120.

pdfTeX warning (ext4): destination with the same identifier (name{page.10}) has been already used, duplicate ignored
<to be read again> 
                   \relax 
l.121 
       [10]

Package natbib Warning: Citation `ferraz_exposing_2008' on page 11 undefined on input line 132.


Package natbib Warning: Citation `ferraz_electoral_2011' on page 11 undefined on input line 132.

pdfTeX warning (ext4): destination with the same identifier (name{page.11}) has been already used, duplicate ignored
<to be read again> 
                   \relax 
l.133 
       [11]pdfTeX warning (ext4): destination with the same identifier (name{page.12}) has been already used, duplicate ignored
<to be read again> 
                   \relax 
l.144 
       [12]
Overfull \hbox (7.95107pt too wide) in paragraph at lines 152--153
[]\OT1/cmr/m/n/12 The model in equa-tion [][]2.1[][] iden-ti-fies the ef-fect of an au-dit on the municipality-
 []

pdfTeX warning (ext4): destination with the same identifier (name{page.13}) has been already used, duplicate ignored
<to be read again> 
                   \relax 
l.155 
       [13]

LaTeX Warning: Reference `app:robustness' on page 14 undefined on input line 160.


LaTeX Warning: Reference `app:otherBureaucratsRobustness' on page 14 undefined on input line 160.


LaTeX Warning: Reference `app:tenuredRobustness' on page 14 undefined on input line 160.


LaTeX Warning: Reference `app:secretariesRobustness' on page 14 undefined on input line 160.


LaTeX Warning: Reference `app:hiring' on page 14 undefined on input line 160.

pdfTeX warning (ext4): destination with the same identifier (name{page.14}) has been already used, duplicate ignored
<to be read again> 
                   \relax 
l.161 
       [14]

LaTeX Warning: Reference `app:balanceRobustness' on page 15 undefined on input line 162.


LaTeX Warning: Reference `app:percentageRobustness' on page 15 undefined on input line 162.


LaTeX Warning: Reference `app:managementRobustness' on page 15 undefined on input line 162.


LaTeX Warning: Reference `app:neverAuditedRobustness' on page 15 undefined on input line 162.


LaTeX Warning: Reference `app:multinomial' on page 15 undefined on input line 162.

pdfTeX warning (ext4): destination with the same identifier (name{page.15}) has been already used, duplicate ignored
<to be read again> 
                   \relax 
l.170 \begin{landscape}
                        [15] (/Volumes/GoogleDrive/My Drive/princeton/dissertation/papers/dissertation/chapters/chapter_2/tables/mainModsW.tex)

LaTeX Warning: Float too large for page by 0.11105pt on input line 177.

pdfTeX warning (ext4): destination with the same identifier (name{page.16}) has been already used, duplicate ignored
<to be read again> 
                   \relax 
l.178 \end{landscape}
                      [16]
<chapters/chapter_2/figures/mainPl.pdf, id=662, 433.62pt x 433.62pt>
File: chapters/chapter_2/figures/mainPl.pdf Graphic file (type pdf)
<use chapters/chapter_2/figures/mainPl.pdf>
Package pdftex.def Info: chapters/chapter_2/figures/mainPl.pdf  used on input line 182.
(pdftex.def)             Requested size: 433.61894pt x 433.61894pt.

Overfull \hbox (36.13394pt too wide) in paragraph at lines 182--183
 [][] 
 []


LaTeX Warning: `h' float specifier changed to `ht'.

<chapters/chapter_2/figures/AMEoverTime.pdf, id=666, 433.62pt x 578.16pt>
File: chapters/chapter_2/figures/AMEoverTime.pdf Graphic file (type pdf)
<use chapters/chapter_2/figures/AMEoverTime.pdf>
Package pdftex.def Info: chapters/chapter_2/figures/AMEoverTime.pdf  used on input line 191.
(pdftex.def)             Requested size: 433.61894pt x 578.15858pt.

Overfull \hbox (36.13394pt too wide) in paragraph at lines 191--192
 [][] 
 []

pdfTeX warning (ext4): destination with the same identifier (name{page.17}) has been already used, duplicate ignored
<to be read again> 
                   \relax 
l.195 
       [17


]
Overfull \vbox (118.79863pt too high) has occurred while \output is active []

pdfTeX warning (ext4): destination with the same identifier (name{page.18}) has been already used, duplicate ignored
<to be read again> 
                   \relax 
l.195 
       [18 </Volumes/GoogleDrive/My Drive/princeton/dissertation/papers/dissertation/chapters/chapter_2/figures/AMEoverTime.pdf>]
<chapters/chapter_2/figures/AMEpolitical_term1Client.pdf, id=682, 433.62pt x 361.35pt>
File: chapters/chapter_2/figures/AMEpolitical_term1Client.pdf Graphic file (type pdf)
<use chapters/chapter_2/figures/AMEpolitical_term1Client.pdf>
Package pdftex.def Info: chapters/chapter_2/figures/AMEpolitical_term1Client.pdf  used on input line 198.
(pdftex.def)             Requested size: 433.61894pt x 361.34912pt.

Overfull \hbox (36.13394pt too wide) in paragraph at lines 198--199
 [][] 
 []


LaTeX Warning: `h' float specifier changed to `ht'.


LaTeX Warning: Reference `app:political' on page 19 undefined on input line 203.

pdfTeX warning (ext4): destination with the same identifier (name{page.19}) has been already used, duplicate ignored
<to be read again> 
                   \relax 
l.209 Y
       et, our current empirical strategy makes it difficult to assess these... [19]

Package natbib Warning: Citation `poulsen2019corruption' on page 20 undefined on input line 209.

pdfTeX warning (ext4): destination with the same identifier (name{page.20}) has been already used, duplicate ignored
<to be read again> 
                   \relax 
l.218 I
       n the model, a bureaucrat is employed in a bureaucracy at $t = 0$ and... [20]

LaTeX Warning: Reference `app:proofs' on page 21 undefined on input line 224.

pdfTeX warning (ext4): destination with the same identifier (name{page.21}) has been already used, duplicate ignored
<to be read again> 
                   \relax 
l.225 
       [21]pdfTeX warning (ext4): destination with the same identifier (name{page.22}) has been already used, duplicate ignored
<to be read again> 
                   \relax 
l.233 
       [22]pdfTeX warning (ext4): destination with the same identifier (name{page.23}) has been already used, duplicate ignored
<to be read again> 
                   \relax 
l.248 $$
         [23]pdfTeX warning (ext4): destination with the same identifier (name{page.24}) has been already used, duplicate ignored
<to be read again> 
                   \relax 
l.268 
       [24]
<chapters/chapter_2/figures_theory/eq_baseline.pdf, id=725, 249.9203pt x 61.0706pt>
File: chapters/chapter_2/figures_theory/eq_baseline.pdf Graphic file (type pdf)
<use chapters/chapter_2/figures_theory/eq_baseline.pdf>
Package pdftex.def Info: chapters/chapter_2/figures_theory/eq_baseline.pdf  used on input line 276.
(pdftex.def)             Requested size: 249.91968pt x 61.07043pt.
pdfTeX warning (ext4): destination with the same identifier (name{page.25}) has been already used, duplicate ignored
<to be read again> 
                   \relax 
l.289     \label
                {prop:eqK} [25 </Volumes/GoogleDrive/My Drive/princeton/dissertation/papers/dissertation/chapters/chapter_2/figures_theory/eq_baseline.pdf>]
<chapters/chapter_2/figures_theory/eq_with_k.pdf, id=739, 247.21077pt x 249.46327pt>
File: chapters/chapter_2/figures_theory/eq_with_k.pdf Graphic file (type pdf)
<use chapters/chapter_2/figures_theory/eq_with_k.pdf>
Package pdftex.def Info: chapters/chapter_2/figures_theory/eq_with_k.pdf  used on input line 296.
(pdftex.def)             Requested size: 247.21016pt x 249.46265pt.
pdfTeX warning (ext4): destination with the same identifier (name{page.26}) has been already used, duplicate ignored
<to be read again> 
                   \relax 
l.304 
       [26 </Volumes/GoogleDrive/My Drive/princeton/dissertation/papers/dissertation/chapters/chapter_2/figures_theory/eq_with_k.pdf>]
<chapters/chapter_2/figures_theory/eq_with_c.pdf, id=751, 421.56882pt x 228.49185pt>
File: chapters/chapter_2/figures_theory/eq_with_c.pdf Graphic file (type pdf)
<use chapters/chapter_2/figures_theory/eq_with_c.pdf>
Package pdftex.def Info: chapters/chapter_2/figures_theory/eq_with_c.pdf  used on input line 309.
(pdftex.def)             Requested size: 421.56778pt x 228.49129pt.

Overfull \hbox (24.08278pt too wide) in paragraph at lines 309--310
 [][] 
 []

pdfTeX warning (ext4): destination with the same identifier (name{page.27}) has been already used, duplicate ignored
<to be read again> 
                   \relax 
l.315 
       [27 </Volumes/GoogleDrive/My Drive/princeton/dissertation/papers/dissertation/chapters/chapter_2/figures_theory/eq_with_c.pdf>]pdfTeX warning (ext4): destination with the same identifier (name{page.28}) has been already used, duplicate ignored
<to be read again> 
                   \relax 
l.328 
       [28]

Package natbib Warning: Citation `dal2013strengthening' on page 29 undefined on input line 331.


Package natbib Warning: Citation `roseackerman1975' on page 29 undefined on input line 331.


Package natbib Warning: Citation `shleifervishny1993corruption' on page 29 undefined on input line 333.


Package natbib Warning: Citation `ferraz_electoral_2011' on page 29 undefined on input line 333.

pdfTeX warning (ext4): destination with the same identifier (name{page.29}) has been already used, duplicate ignored
<to be read again> 
                   \relax 
l.334 
       [29]pdfTeX warning (ext4): destination with the same identifier (name{page.30}) has been already used, duplicate ignored
<to be read again> 
                   \relax 
l.341 
       [30]pdfTeX warning (ext4): destination with the same identifier (name{page.31}) has been already used, duplicate ignored
<to be read again> 
                   \relax 
l.353 \end{align*}
                   [31])pdfTeX warning (ext4): destination with the same identifier (name{page.32}) has been already used, duplicate ignored
<to be read again> 
                   \relax 
l.79 \include{chapters/chapter_2/paper}
                                        [32]pdfTeX warning (ext4): destination with the same identifier (name{page.33}) has been already used, duplicate ignored
<to be read again> 
                   \relax 
l.79 \include{chapters/chapter_2/paper}
                                        [33 </Volumes/GoogleDrive/My Drive/princeton/dissertation/papers/dissertation/chapters/chapter_2/figures/mainPl.pdf>]pdfTeX warning (ext4): destination with the same identifier (name{page.34}) has been already used, duplicate ignored
<to be read again> 
                   \relax 
l.79 \include{chapters/chapter_2/paper}
                                        [34 </Volumes/GoogleDrive/My Drive/princeton/dissertation/papers/dissertation/chapters/chapter_2/figures/AMEpolitical_term1Client.pdf>]

Package natbib Warning: There were undefined citations.

Package atveryend Info: Empty hook `BeforeClearDocument' on input line 80.
Package atveryend Info: Empty hook `AfterLastShipout' on input line 80.
(/Volumes/GoogleDrive/My Drive/princeton/dissertation/papers/dissertation/dissertation.aux (/Volumes/GoogleDrive/My Drive/princeton/dissertation/papers/dissertation/chapters/chapter_1/chapter_education.aux) (/Volumes/GoogleDrive/My Drive/princeton/dissertation/papers/dissertation/chapters/chapter_2/paper.aux))
Package atveryend Info: Executing hook `AtVeryEndDocument' on input line 80.
Package atveryend Info: Executing hook `AtEndAfterFileList' on input line 80.
Package rerunfilecheck Info: File `dissertation.out' has not changed.
(rerunfilecheck)             Checksum: 5FB0E92AF6190FD61BE2846599FC2F0F;2120.


LaTeX Warning: There were undefined references.


LaTeX Warning: There were multiply-defined labels.

Package atveryend Info: Empty hook `AtVeryVeryEnd' on input line 80.
 )
(\end occurred inside a group at level 1)

### simple group (level 1) entered at line 228 ({)
### bottom level 
Here is how much of TeX's memory you used:
 9779 strings out of 492616
 150916 string characters out of 6129482
 265605 words of memory out of 5000000
 13333 multiletter control sequences out of 15000+600000
 18265 words of font info for 69 fonts, out of 8000000 for 9000
 1141 hyphenation exceptions out of 8191
 36i,17n,41p,1782b,452s stack positions out of 5000i,500n,10000p,200000b,80000s
pdfTeX warning (dest): name{https://www.seduc.ce.gov.br/spaece/} has been referenced but does not exist, replaced by a fixed one

pdfTeX warning (dest): name{https://siconfi.tesouro.gov.br/siconfi/pages/public/consulta_finbra/finbra_list.jsf} has been referenced but does not exist, replaced by a fixed one

pdfTeX warning (dest): name{https://ces.ibge.gov.br/base-de-dados/links-base-de-dados.html} has been referenced but does not exist, replaced by a fixed one

pdfTeX warning (dest): name{http://www.tse.jus.br/eleicoes/estatisticas/repositorio-de-dados-eleitorais-1} has been referenced but does not exist, replaced by a fixed one

pdfTeX warning (dest): name{http://trabalho.gov.br/dados-abertos} has been referenced but does not exist, replaced by a fixed one

pdfTeX warning (dest): name{http://portal.inep.gov.br/web/guest/dados} has been referenced but does not exist, replaced by a fixed one

pdfTeX warning (dest): name{https://www.fnde.gov.br/index.php/financiamento/fundeb/sobre-o-plano-ou-programa/sobre-o-fundeb} has been referenced but does not exist, replaced by a fixed one

</usr/local/texlive/2019/texmf-dist/fonts/type1/public/amsfonts/cm/cmbx10.pfb></usr/local/texlive/2019/texmf-dist/fonts/type1/public/amsfonts/cm/cmbx12.pfb></usr/local/texlive/2019/texmf-dist/fonts/type1/public/amsfonts/cm/cmex10.pfb></usr/local/texlive/2019/texmf-dist/fonts/type1/public/amsfonts/cm/cmmi10.pfb></usr/local/texlive/2019/texmf-dist/fonts/type1/public/amsfonts/cm/cmmi12.pfb></usr/local/texlive/2019/texmf-dist/fonts/type1/public/amsfonts/cm/cmmi8.pfb></usr/local/texlive/2019/texmf-dist/fonts/type1/public/amsfonts/cm/cmr10.pfb></usr/local/texlive/2019/texmf-dist/fonts/type1/public/amsfonts/cm/cmr12.pfb></usr/local/texlive/2019/texmf-dist/fonts/type1/public/amsfonts/cm/cmr17.pfb></usr/local/texlive/2019/texmf-dist/fonts/type1/public/amsfonts/cm/cmr7.pfb></usr/local/texlive/2019/texmf-dist/fonts/type1/public/amsfonts/cm/cmr8.pfb></usr/local/texlive/2019/texmf-dist/fonts/type1/public/amsfonts/cm/cmsy10.pfb></usr/local/texlive/2019/texmf-dist/fonts/type1/public/amsfonts/cm/cmsy6.pfb></usr/local/texlive/2019/texmf-dist/fonts/type1/public/amsfonts/cm/cmsy8.pfb></usr/local/texlive/2019/texmf-dist/fonts/type1/public/amsfonts/cm/cmti10.pfb></usr/local/texlive/2019/texmf-dist/fonts/type1/public/amsfonts/cm/cmti12.pfb></usr/local/texlive/2019/texmf-dist/fonts/type1/public/amsfonts/cm/cmtt10.pfb></usr/local/texlive/2019/texmf-dist/fonts/type1/public/amsfonts/symbols/msam10.pfb></usr/local/texlive/2019/texmf-dist/fonts/type1/public/amsfonts/symbols/msbm10.pfb>
Output written on "/Volumes/GoogleDrive/My Drive/princeton/dissertation/papers/dissertation/dissertation.pdf" (75 pages, 2718769 bytes).
PDF statistics:
 898 PDF objects out of 1000 (max. 8388607)
 749 compressed objects within 8 object streams
 164 named destinations out of 1000 (max. 500000)
 349 words of extra memory for PDF output out of 10000 (max. 10000000)

